<?xml version="1.0" encoding="UTF-8"?>
<testsuite name="Employee" tests="1" skipped="0" failures="0" errors="0" timestamp="2020-04-27T09:09:46" hostname="Zakis-MacBook-Pro.local" time="2.979">
  <properties/>
  <testcase name="createEmployee" classname="Employee" time="2.979"/>
  <system-out><![CDATA[Request method:	POST
Request URI:	http://dummy.restapiexample.com/api/v1/create
Proxy:			<none>
Request params:	<none>
Query params:	<none>
Form params:	<none>
Path params:	<none>
Headers:		Accept=*/*
				Content-Type=application/json; charset=UTF-8
Cookies:		<none>
Multiparts:		<none>
Body:
{
    "name": "Zaki Akhmad Faridzan",
    "salary": "6000",
    "age": "21"
}
{
    "status": "success",
    "data": {
        "name": "Zaki Akhmad Faridzan",
        "salary": "6000",
        "age": "21",
        "id": 36
    }
}
]]></system-out>
  <system-err><![CDATA[]]></system-err>
</testsuite>
